Detecting CXX OpenMP failed with the following output:
Change Dir: /Users/yanQval/Desktop/course/2020-2021 autumn/Advanced Computer Graphics/Computer-Graphics-Project/build/CMakeFiles/CMakeTmp

Run Build Command(s):/usr/bin/make cmTC_7843d/fast && /Library/Developer/CommandLineTools/usr/bin/make  -f CMakeFiles/cmTC_7843d.dir/build.make CMakeFiles/cmTC_7843d.dir/build
Building CXX object CMakeFiles/cmTC_7843d.dir/OpenMPTryFlag.cpp.o
/Library/Developer/CommandLineTools/usr/bin/c++   -fopenmp=libomp -v -isysroot /Library/Developer/CommandLineTools/SDKs/MacOSX10.14.sdk -o CMakeFiles/cmTC_7843d.dir/OpenMPTryFlag.cpp.o -c "/Users/yanQval/Desktop/course/2020-2021 autumn/Advanced Computer Graphics/Computer-Graphics-Project/build/CMakeFiles/FindOpenMP/OpenMPTryFlag.cpp"
Apple LLVM version 10.0.1 (clang-1001.0.46.4)
Target: x86_64-apple-darwin18.7.0
Thread model: posix
InstalledDir: /Library/Developer/CommandLineTools/usr/bin
clang: error: unsupported argument 'libomp' to option 'fopenmp='
make[2]: *** [CMakeFiles/cmTC_7843d.dir/OpenMPTryFlag.cpp.o] Error 1
make[1]: *** [cmTC_7843d/fast] Error 2



Detecting CXX OpenMP failed with the following output:
Change Dir: /Users/yanQval/Desktop/course/2020-2021 autumn/Advanced Computer Graphics/Computer-Graphics-Project/build/CMakeFiles/CMakeTmp

Run Build Command(s):/usr/bin/make cmTC_5f642/fast && /Library/Developer/CommandLineTools/usr/bin/make  -f CMakeFiles/cmTC_5f642.dir/build.make CMakeFiles/cmTC_5f642.dir/build
Building CXX object CMakeFiles/cmTC_5f642.dir/OpenMPTryFlag.cpp.o
/Library/Developer/CommandLineTools/usr/bin/c++   -fopenmp=libiomp5 -v -isysroot /Library/Developer/CommandLineTools/SDKs/MacOSX10.14.sdk -o CMakeFiles/cmTC_5f642.dir/OpenMPTryFlag.cpp.o -c "/Users/yanQval/Desktop/course/2020-2021 autumn/Advanced Computer Graphics/Computer-Graphics-Project/build/CMakeFiles/FindOpenMP/OpenMPTryFlag.cpp"
Apple LLVM version 10.0.1 (clang-1001.0.46.4)
Target: x86_64-apple-darwin18.7.0
Thread model: posix
InstalledDir: /Library/Developer/CommandLineTools/usr/bin
clang: error: unsupported argument 'libiomp5' to option 'fopenmp='
make[2]: *** [CMakeFiles/cmTC_5f642.dir/OpenMPTryFlag.cpp.o] Error 1
make[1]: *** [cmTC_5f642/fast] Error 2



Detecting CXX OpenMP failed with the following output:
Change Dir: /Users/yanQval/Desktop/course/2020-2021 autumn/Advanced Computer Graphics/Computer-Graphics-Project/build/CMakeFiles/CMakeTmp

Run Build Command(s):/usr/bin/make cmTC_f3aa9/fast && /Library/Developer/CommandLineTools/usr/bin/make  -f CMakeFiles/cmTC_f3aa9.dir/build.make CMakeFiles/cmTC_f3aa9.dir/build
Building CXX object CMakeFiles/cmTC_f3aa9.dir/OpenMPTryFlag.cpp.o
/Library/Developer/CommandLineTools/usr/bin/c++   -fopenmp -v -isysroot /Library/Developer/CommandLineTools/SDKs/MacOSX10.14.sdk -o CMakeFiles/cmTC_f3aa9.dir/OpenMPTryFlag.cpp.o -c "/Users/yanQval/Desktop/course/2020-2021 autumn/Advanced Computer Graphics/Computer-Graphics-Project/build/CMakeFiles/FindOpenMP/OpenMPTryFlag.cpp"
Apple LLVM version 10.0.1 (clang-1001.0.46.4)
Target: x86_64-apple-darwin18.7.0
Thread model: posix
InstalledDir: /Library/Developer/CommandLineTools/usr/bin
clang: error: unsupported option '-fopenmp'
make[2]: *** [CMakeFiles/cmTC_f3aa9.dir/OpenMPTryFlag.cpp.o] Error 1
make[1]: *** [cmTC_f3aa9/fast] Error 2



Detecting CXX OpenMP failed with the following output:
Change Dir: /Users/yanQval/Desktop/course/2020-2021 autumn/Advanced Computer Graphics/Computer-Graphics-Project/build/CMakeFiles/CMakeTmp

Run Build Command(s):/usr/bin/make cmTC_38a67/fast && /Library/Developer/CommandLineTools/usr/bin/make  -f CMakeFiles/cmTC_38a67.dir/build.make CMakeFiles/cmTC_38a67.dir/build
Building CXX object CMakeFiles/cmTC_38a67.dir/OpenMPTryFlag.cpp.o
/Library/Developer/CommandLineTools/usr/bin/c++   -Xclang -fopenmp -v -isysroot /Library/Developer/CommandLineTools/SDKs/MacOSX10.14.sdk -o CMakeFiles/cmTC_38a67.dir/OpenMPTryFlag.cpp.o -c "/Users/yanQval/Desktop/course/2020-2021 autumn/Advanced Computer Graphics/Computer-Graphics-Project/build/CMakeFiles/FindOpenMP/OpenMPTryFlag.cpp"
Apple LLVM version 10.0.1 (clang-1001.0.46.4)
Target: x86_64-apple-darwin18.7.0
Thread model: posix
InstalledDir: /Library/Developer/CommandLineTools/usr/bin
 "/Library/Developer/CommandLineTools/usr/bin/clang" -cc1 -triple x86_64-apple-macosx10.14.0 -Wdeprecated-objc-isa-usage -Werror=deprecated-objc-isa-usage -emit-obj -mrelax-all -disable-free -disable-llvm-verifier -discard-value-names -main-file-name OpenMPTryFlag.cpp -mrelocation-model pic -pic-level 2 -mthread-model posix -mdisable-fp-elim -fno-strict-return -masm-verbose -munwind-tables -target-sdk-version=10.14 -target-cpu penryn -dwarf-column-info -debugger-tuning=lldb -target-linker-version 450.3 -v -coverage-notes-file /Users/yanQval/Desktop/course/2020-2021 autumn/Advanced Computer Graphics/Computer-Graphics-Project/build/CMakeFiles/CMakeTmp/CMakeFiles/cmTC_38a67.dir/OpenMPTryFlag.cpp.gcno -resource-dir /Library/Developer/CommandLineTools/usr/lib/clang/10.0.1 -isysroot /Library/Developer/CommandLineTools/SDKs/MacOSX10.14.sdk -stdlib=libc++ -Wno-atomic-implicit-seq-cst -Wno-framework-include-private-from-public -Wno-atimport-in-framework-header -Wno-quoted-include-in-framework-header -fdeprecated-macro -fdebug-compilation-dir /Users/yanQval/Desktop/course/2020-2021 autumn/Advanced Computer Graphics/Computer-Graphics-Project/build/CMakeFiles/CMakeTmp -ferror-limit 19 -fmessage-length 0 -stack-protector 1 -fblocks -fencode-extended-block-signature -fregister-global-dtors-with-atexit -fobjc-runtime=macosx-10.14.0 -fcxx-exceptions -fexceptions -fmax-type-align=16 -fdiagnostics-show-option -fopenmp -o CMakeFiles/cmTC_38a67.dir/OpenMPTryFlag.cpp.o -x c++ /Users/yanQval/Desktop/course/2020-2021 autumn/Advanced Computer Graphics/Computer-Graphics-Project/build/CMakeFiles/FindOpenMP/OpenMPTryFlag.cpp
clang -cc1 version 10.0.1 (clang-1001.0.46.4) default target x86_64-apple-darwin18.7.0
ignoring nonexistent directory "/Library/Developer/CommandLineTools/SDKs/MacOSX10.14.sdk/usr/include/c++/v1"
ignoring nonexistent directory "/Library/Developer/CommandLineTools/SDKs/MacOSX10.14.sdk/usr/local/include"
ignoring nonexistent directory "/Library/Developer/CommandLineTools/SDKs/MacOSX10.14.sdk/Library/Frameworks"
#include "..." search starts here:
#include <...> search starts here:
 /Library/Developer/CommandLineTools/usr/include/c++/v1
 /Library/Developer/CommandLineTools/usr/lib/clang/10.0.1/include
 /Library/Developer/CommandLineTools/usr/include
 /Library/Developer/CommandLineTools/SDKs/MacOSX10.14.sdk/usr/include
 /Library/Developer/CommandLineTools/SDKs/MacOSX10.14.sdk/System/Library/Frameworks (framework directory)
End of search list.
/Users/yanQval/Desktop/course/2020-2021 autumn/Advanced Computer Graphics/Computer-Graphics-Project/build/CMakeFiles/FindOpenMP/OpenMPTryFlag.cpp:2:10: fatal error: 'omp.h' file not found
#include <omp.h>
         ^~~~~~~
1 error generated.
make[2]: *** [CMakeFiles/cmTC_38a67.dir/OpenMPTryFlag.cpp.o] Error 1
make[1]: *** [cmTC_38a67/fast] Error 2



Detecting CXX OpenMP failed with the following output:
Change Dir: /Users/yanQval/Desktop/course/2020-2021 autumn/Advanced Computer Graphics/Computer-Graphics-Project/build/CMakeFiles/CMakeTmp

Run Build Command(s):/usr/bin/make cmTC_34de4/fast && /Library/Developer/CommandLineTools/usr/bin/make  -f CMakeFiles/cmTC_34de4.dir/build.make CMakeFiles/cmTC_34de4.dir/build
Building CXX object CMakeFiles/cmTC_34de4.dir/OpenMPTryFlag.cpp.o
/Library/Developer/CommandLineTools/usr/bin/c++   -fopenmp=libomp -v -isysroot /Library/Developer/CommandLineTools/SDKs/MacOSX10.14.sdk -o CMakeFiles/cmTC_34de4.dir/OpenMPTryFlag.cpp.o -c "/Users/yanQval/Desktop/course/2020-2021 autumn/Advanced Computer Graphics/Computer-Graphics-Project/build/CMakeFiles/FindOpenMP/OpenMPTryFlag.cpp"
Apple LLVM version 10.0.1 (clang-1001.0.46.4)
Target: x86_64-apple-darwin18.7.0
Thread model: posix
InstalledDir: /Library/Developer/CommandLineTools/usr/bin
clang: error: unsupported argument 'libomp' to option 'fopenmp='
make[2]: *** [CMakeFiles/cmTC_34de4.dir/OpenMPTryFlag.cpp.o] Error 1
make[1]: *** [cmTC_34de4/fast] Error 2



Detecting CXX OpenMP failed with the following output:
Change Dir: /Users/yanQval/Desktop/course/2020-2021 autumn/Advanced Computer Graphics/Computer-Graphics-Project/build/CMakeFiles/CMakeTmp

Run Build Command(s):/usr/bin/make cmTC_1938b/fast && /Library/Developer/CommandLineTools/usr/bin/make  -f CMakeFiles/cmTC_1938b.dir/build.make CMakeFiles/cmTC_1938b.dir/build
Building CXX object CMakeFiles/cmTC_1938b.dir/OpenMPTryFlag.cpp.o
/Library/Developer/CommandLineTools/usr/bin/c++   -fopenmp=libiomp5 -v -isysroot /Library/Developer/CommandLineTools/SDKs/MacOSX10.14.sdk -o CMakeFiles/cmTC_1938b.dir/OpenMPTryFlag.cpp.o -c "/Users/yanQval/Desktop/course/2020-2021 autumn/Advanced Computer Graphics/Computer-Graphics-Project/build/CMakeFiles/FindOpenMP/OpenMPTryFlag.cpp"
Apple LLVM version 10.0.1 (clang-1001.0.46.4)
Target: x86_64-apple-darwin18.7.0
Thread model: posix
InstalledDir: /Library/Developer/CommandLineTools/usr/bin
clang: error: unsupported argument 'libiomp5' to option 'fopenmp='
make[2]: *** [CMakeFiles/cmTC_1938b.dir/OpenMPTryFlag.cpp.o] Error 1
make[1]: *** [cmTC_1938b/fast] Error 2



Detecting CXX OpenMP failed with the following output:
Change Dir: /Users/yanQval/Desktop/course/2020-2021 autumn/Advanced Computer Graphics/Computer-Graphics-Project/build/CMakeFiles/CMakeTmp

Run Build Command(s):/usr/bin/make cmTC_f70a4/fast && /Library/Developer/CommandLineTools/usr/bin/make  -f CMakeFiles/cmTC_f70a4.dir/build.make CMakeFiles/cmTC_f70a4.dir/build
Building CXX object CMakeFiles/cmTC_f70a4.dir/OpenMPTryFlag.cpp.o
/Library/Developer/CommandLineTools/usr/bin/c++   -fopenmp -v -isysroot /Library/Developer/CommandLineTools/SDKs/MacOSX10.14.sdk -o CMakeFiles/cmTC_f70a4.dir/OpenMPTryFlag.cpp.o -c "/Users/yanQval/Desktop/course/2020-2021 autumn/Advanced Computer Graphics/Computer-Graphics-Project/build/CMakeFiles/FindOpenMP/OpenMPTryFlag.cpp"
Apple LLVM version 10.0.1 (clang-1001.0.46.4)
Target: x86_64-apple-darwin18.7.0
Thread model: posix
InstalledDir: /Library/Developer/CommandLineTools/usr/bin
clang: error: unsupported option '-fopenmp'
make[2]: *** [CMakeFiles/cmTC_f70a4.dir/OpenMPTryFlag.cpp.o] Error 1
make[1]: *** [cmTC_f70a4/fast] Error 2



Detecting CXX OpenMP failed with the following output:
Change Dir: /Users/yanQval/Desktop/course/2020-2021 autumn/Advanced Computer Graphics/Computer-Graphics-Project/build/CMakeFiles/CMakeTmp

Run Build Command(s):/usr/bin/make cmTC_a41d1/fast && /Library/Developer/CommandLineTools/usr/bin/make  -f CMakeFiles/cmTC_a41d1.dir/build.make CMakeFiles/cmTC_a41d1.dir/build
Building CXX object CMakeFiles/cmTC_a41d1.dir/OpenMPTryFlag.cpp.o
/Library/Developer/CommandLineTools/usr/bin/c++   -Xclang -fopenmp -v -isysroot /Library/Developer/CommandLineTools/SDKs/MacOSX10.14.sdk -o CMakeFiles/cmTC_a41d1.dir/OpenMPTryFlag.cpp.o -c "/Users/yanQval/Desktop/course/2020-2021 autumn/Advanced Computer Graphics/Computer-Graphics-Project/build/CMakeFiles/FindOpenMP/OpenMPTryFlag.cpp"
Apple LLVM version 10.0.1 (clang-1001.0.46.4)
Target: x86_64-apple-darwin18.7.0
Thread model: posix
InstalledDir: /Library/Developer/CommandLineTools/usr/bin
 "/Library/Developer/CommandLineTools/usr/bin/clang" -cc1 -triple x86_64-apple-macosx10.14.0 -Wdeprecated-objc-isa-usage -Werror=deprecated-objc-isa-usage -emit-obj -mrelax-all -disable-free -disable-llvm-verifier -discard-value-names -main-file-name OpenMPTryFlag.cpp -mrelocation-model pic -pic-level 2 -mthread-model posix -mdisable-fp-elim -fno-strict-return -masm-verbose -munwind-tables -target-sdk-version=10.14 -target-cpu penryn -dwarf-column-info -debugger-tuning=lldb -target-linker-version 450.3 -v -coverage-notes-file /Users/yanQval/Desktop/course/2020-2021 autumn/Advanced Computer Graphics/Computer-Graphics-Project/build/CMakeFiles/CMakeTmp/CMakeFiles/cmTC_a41d1.dir/OpenMPTryFlag.cpp.gcno -resource-dir /Library/Developer/CommandLineTools/usr/lib/clang/10.0.1 -isysroot /Library/Developer/CommandLineTools/SDKs/MacOSX10.14.sdk -stdlib=libc++ -Wno-atomic-implicit-seq-cst -Wno-framework-include-private-from-public -Wno-atimport-in-framework-header -Wno-quoted-include-in-framework-header -fdeprecated-macro -fdebug-compilation-dir /Users/yanQval/Desktop/course/2020-2021 autumn/Advanced Computer Graphics/Computer-Graphics-Project/build/CMakeFiles/CMakeTmp -ferror-limit 19 -fmessage-length 0 -stack-protector 1 -fblocks -fencode-extended-block-signature -fregister-global-dtors-with-atexit -fobjc-runtime=macosx-10.14.0 -fcxx-exceptions -fexceptions -fmax-type-align=16 -fdiagnostics-show-option -fopenmp -o CMakeFiles/cmTC_a41d1.dir/OpenMPTryFlag.cpp.o -x c++ /Users/yanQval/Desktop/course/2020-2021 autumn/Advanced Computer Graphics/Computer-Graphics-Project/build/CMakeFiles/FindOpenMP/OpenMPTryFlag.cpp
clang -cc1 version 10.0.1 (clang-1001.0.46.4) default target x86_64-apple-darwin18.7.0
ignoring nonexistent directory "/Library/Developer/CommandLineTools/SDKs/MacOSX10.14.sdk/usr/include/c++/v1"
ignoring nonexistent directory "/Library/Developer/CommandLineTools/SDKs/MacOSX10.14.sdk/usr/local/include"
ignoring nonexistent directory "/Library/Developer/CommandLineTools/SDKs/MacOSX10.14.sdk/Library/Frameworks"
#include "..." search starts here:
#include <...> search starts here:
 /Library/Developer/CommandLineTools/usr/include/c++/v1
 /Library/Developer/CommandLineTools/usr/lib/clang/10.0.1/include
 /Library/Developer/CommandLineTools/usr/include
 /Library/Developer/CommandLineTools/SDKs/MacOSX10.14.sdk/usr/include
 /Library/Developer/CommandLineTools/SDKs/MacOSX10.14.sdk/System/Library/Frameworks (framework directory)
End of search list.
/Users/yanQval/Desktop/course/2020-2021 autumn/Advanced Computer Graphics/Computer-Graphics-Project/build/CMakeFiles/FindOpenMP/OpenMPTryFlag.cpp:2:10: fatal error: 'omp.h' file not found
#include <omp.h>
         ^~~~~~~
1 error generated.
make[2]: *** [CMakeFiles/cmTC_a41d1.dir/OpenMPTryFlag.cpp.o] Error 1
make[1]: *** [cmTC_a41d1/fast] Error 2



